<?xml version="1.0" encoding="UTF-8"?>
<testsuite name="JUnit Jupiter" tests="12" skipped="0" failures="0" errors="0" time="0.204" hostname="YepezHinostroza" timestamp="2017-05-25T10:52:40">
<properties>
<property name="awt.toolkit" value="sun.awt.windows.WToolkit"/>
<property name="file.encoding" value="windows-1252"/>
<property name="file.encoding.pkg" value="sun.io"/>
<property name="file.separator" value="\"/>
<property name="java.awt.graphicsenv" value="sun.awt.Win32GraphicsEnvironment"/>
<property name="java.awt.printerjob" value="sun.awt.windows.WPrinterJob"/>
<property name="java.class.path" value="C:\Users\alexa\Desktop\Git\2017-UNC-IngSoft--Segmentation-Fault--\build\classes\test;C:\Users\alexa\Desktop\Git\2017-UNC-IngSoft--Segmentation-Fault--\build\resources\test;C:\Users\alexa\Desktop\Git\2017-UNC-IngSoft--Segmentation-Fault--\build\classes\main;C:\Users\alexa\Desktop\Git\2017-UNC-IngSoft--Segmentation-Fault--\build\resources\main;C:\Users\alexa\.gradle\caches\modules-2\files-2.1\org.junit.jupiter\junit-jupiter-api\5.0.0-M4\50f95d68c674a30374c5f50e6ad5212d2c1a3cec\junit-jupiter-api-5.0.0-M4.jar;C:\Users\alexa\.gradle\caches\modules-2\files-2.1\junit\junit\4.12\2973d150c0dc1fefe998f834810d68f278ea58ec\junit-4.12.jar;C:\Users\alexa\.gradle\caches\modules-2\files-2.1\org.junit.jupiter\junit-jupiter-engine\5.0.0-M4\10e0dc41a4e9c1817c2b729c3a7c48b1ddfed17\junit-jupiter-engine-5.0.0-M4.jar;C:\Users\alexa\.gradle\caches\modules-2\files-2.1\org.junit.vintage\junit-vintage-engine\4.12.0-M4\b74455e014bb82c6a83dcab849ec169f68978109\junit-vintage-engine-4.12.0-M4.jar;C:\Users\alexa\.gradle\caches\modules-2\files-2.1\org.apache.logging.log4j\log4j-core\2.6.2\a91369f655eb1639c6aece5c5eb5108db18306\log4j-core-2.6.2.jar;C:\Users\alexa\.gradle\caches\modules-2\files-2.1\org.apache.logging.log4j\log4j-jul\2.6.2\afb8205d03d7f30405b385a2b0fdf1086bc9bc2a\log4j-jul-2.6.2.jar;C:\Users\alexa\.gradle\caches\modules-2\files-2.1\org.opentest4j\opentest4j\1.0.0-M2\e2caa64702a83336d3dd32c7f69c1f092156df6d\opentest4j-1.0.0-M2.jar;C:\Users\alexa\.gradle\caches\modules-2\files-2.1\org.junit.platform\junit-platform-commons\1.0.0-M4\359eb461814bd7356de541d131d45473d394a168\junit-platform-commons-1.0.0-M4.jar;C:\Users\alexa\.gradle\caches\modules-2\files-2.1\org.hamcrest\hamcrest-core\1.3\42a25dc3219429f0e5d060061f71acb49bf010a0\hamcrest-core-1.3.jar;C:\Users\alexa\.gradle\caches\modules-2\files-2.1\org.junit.platform\junit-platform-engine\1.0.0-M4\5e65bdd2d623dfc6a405911a6449f2c60808b0af\junit-platform-engine-1.0.0-M4.jar;C:\Users\alexa\.gradle\caches\modules-2\files-2.1\org.apache.logging.log4j\log4j-api\2.6.2\bd1b74a5d170686362091c7cf596bbc3adf5c09b\log4j-api-2.6.2.jar;C:\Users\alexa\.gradle\caches\modules-2\files-2.1\org.junit.platform\junit-platform-launcher\1.0.0-M4\d4e3657bc7cf204d6b9b55f0387fedc6eaad55fa\junit-platform-launcher-1.0.0-M4.jar;C:\Users\alexa\.gradle\caches\modules-2\files-2.1\org.junit.platform\junit-platform-console\1.0.0-M4\82da9da502b1fe187bed5f5152746696aad19fae\junit-platform-console-1.0.0-M4.jar"/>
<property name="java.class.version" value="52.0"/>
<property name="java.endorsed.dirs" value="C:\Program Files\Java\jdk1.8.0_131\jre\lib\endorsed"/>
<property name="java.ext.dirs" value="C:\Program Files\Java\jdk1.8.0_131\jre\lib\ext;C:\Windows\Sun\Java\lib\ext"/>
<property name="java.home" value="C:\Program Files\Java\jdk1.8.0_131\jre"/>
<property name="java.io.tmpdir" value="C:\Users\alexa\AppData\Local\Temp\"/>
<property name="java.library.path" value="C:\Program Files\Java\jdk1.8.0_131\bin;C:\Windows\Sun\Java\bin;C:\Windows\system32;C:\Windows;C:\Users\alexa\bin;C:\Program Files\Git\mingw64\bin;C:\Program Files\Git\usr\local\bin;C:\Program Files\Git\usr\bin;C:\Program Files\Git\usr\bin;C:\Program Files\Git\mingw64\bin;C:\Program Files\Git\usr\bin;C:\Users\alexa\bin;C:\ProgramData\Oracle\Java\javapath;C:\Windows\system32;C:\Windows;C:\Windows\System32\Wbem;C:\Windows\System32\WindowsPowerShell\v1.0;C:\Program Files\Git\cmd;C:\Program Files\doxygen\bin;C:\Program Files\MATLAB\MATLAB Production Server\R2015a\runtime\win64;C:\Program Files\MATLAB\MATLAB Production Server\R2015a\bin;C:\Program Files\MySQL\MySQL Utilities 1.6;C:\Program Files\Gradle\gradle-3.5\bin;C:\Users\alexa\AppData\Local\Microsoft\WindowsApps;C:\Program Files\Git\usr\bin\vendor_perl;C:\Program Files\Git\usr\bin\core_perl;."/>
<property name="java.runtime.name" value="Java(TM) SE Runtime Environment"/>
<property name="java.runtime.version" value="1.8.0_131-b11"/>
<property name="java.specification.name" value="Java Platform API Specification"/>
<property name="java.specification.vendor" value="Oracle Corporation"/>
<property name="java.specification.version" value="1.8"/>
<property name="java.util.logging.manager" value="org.apache.logging.log4j.jul.LogManager"/>
<property name="java.vendor" value="Oracle Corporation"/>
<property name="java.vendor.url" value="http://java.oracle.com/"/>
<property name="java.vendor.url.bug" value="http://bugreport.sun.com/bugreport/"/>
<property name="java.version" value="1.8.0_131"/>
<property name="java.vm.info" value="mixed mode"/>
<property name="java.vm.name" value="Java HotSpot(TM) 64-Bit Server VM"/>
<property name="java.vm.specification.name" value="Java Virtual Machine Specification"/>
<property name="java.vm.specification.vendor" value="Oracle Corporation"/>
<property name="java.vm.specification.version" value="1.8"/>
<property name="java.vm.vendor" value="Oracle Corporation"/>
<property name="java.vm.version" value="25.131-b11"/>
<property name="line.separator" value="
"/>
<property name="os.arch" value="amd64"/>
<property name="os.name" value="Windows 10"/>
<property name="os.version" value="10.0"/>
<property name="path.separator" value=";"/>
<property name="sun.arch.data.model" value="64"/>
<property name="sun.boot.class.path" value="C:\Program Files\Java\jdk1.8.0_131\jre\lib\resources.jar;C:\Program Files\Java\jdk1.8.0_131\jre\lib\rt.jar;C:\Program Files\Java\jdk1.8.0_131\jre\lib\sunrsasign.jar;C:\Program Files\Java\jdk1.8.0_131\jre\lib\jsse.jar;C:\Program Files\Java\jdk1.8.0_131\jre\lib\jce.jar;C:\Program Files\Java\jdk1.8.0_131\jre\lib\charsets.jar;C:\Program Files\Java\jdk1.8.0_131\jre\lib\jfr.jar;C:\Program Files\Java\jdk1.8.0_131\jre\classes"/>
<property name="sun.boot.library.path" value="C:\Program Files\Java\jdk1.8.0_131\jre\bin"/>
<property name="sun.cpu.endian" value="little"/>
<property name="sun.cpu.isalist" value="amd64"/>
<property name="sun.desktop" value="windows"/>
<property name="sun.io.unicode.encoding" value="UnicodeLittle"/>
<property name="sun.java.command" value="org.junit.platform.console.ConsoleLauncher --details NONE --scan-class-path C:\Users\alexa\Desktop\Git\2017-UNC-IngSoft--Segmentation-Fault--\build\classes\main;C:\Users\alexa\Desktop\Git\2017-UNC-IngSoft--Segmentation-Fault--\build\resources\main;C:\Users\alexa\Desktop\Git\2017-UNC-IngSoft--Segmentation-Fault--\build\classes\test;C:\Users\alexa\Desktop\Git\2017-UNC-IngSoft--Segmentation-Fault--\build\resources\test -n ^.*Tests?$ -T slow --reports-dir C:\Users\alexa\Desktop\Git\2017-UNC-IngSoft--Segmentation-Fault--\build\test-results\junit-platform"/>
<property name="sun.java.launcher" value="SUN_STANDARD"/>
<property name="sun.jnu.encoding" value="Cp1252"/>
<property name="sun.management.compiler" value="HotSpot 64-Bit Tiered Compilers"/>
<property name="sun.os.patch.level" value=""/>
<property name="user.country" value="AR"/>
<property name="user.dir" value="C:\Users\alexa\Desktop\Git\2017-UNC-IngSoft--Segmentation-Fault--"/>
<property name="user.home" value="C:\Users\alexa"/>
<property name="user.language" value="es"/>
<property name="user.name" value="YepezHinostroza"/>
<property name="user.script" value=""/>
<property name="user.timezone" value="America/Buenos_Aires"/>
<property name="user.variant" value=""/>
</properties>
<testcase name="getId()" classname="AfiliadoTest" time="0.033">
<system-out><![CDATA[
unique-id: [engine:junit-jupiter]/[class:AfiliadoTest]/[method:getId()]
display-name: getId()
]]></system-out>
</testcase>
<testcase name="createAfiliado()" classname="AfiliadoTest" time="0.005">
<system-out><![CDATA[
unique-id: [engine:junit-jupiter]/[class:AfiliadoTest]/[method:createAfiliado()]
display-name: createAfiliado()
]]></system-out>
</testcase>
<testcase name="getDireccion()" classname="AfiliadoTest" time="0.002">
<system-out><![CDATA[
unique-id: [engine:junit-jupiter]/[class:AfiliadoTest]/[method:getDireccion()]
display-name: getDireccion()
]]></system-out>
</testcase>
<testcase name="getTel()" classname="AfiliadoTest" time="0.002">
<system-out><![CDATA[
unique-id: [engine:junit-jupiter]/[class:AfiliadoTest]/[method:getTel()]
display-name: getTel()
]]></system-out>
</testcase>
<testcase name="setDireccion()" classname="AfiliadoTest" time="0.004">
<system-out><![CDATA[
unique-id: [engine:junit-jupiter]/[class:AfiliadoTest]/[method:setDireccion()]
display-name: setDireccion()
]]></system-out>
</testcase>
<testcase name="setNombre()" classname="AfiliadoTest" time="0.001">
<system-out><![CDATA[
unique-id: [engine:junit-jupiter]/[class:AfiliadoTest]/[method:setNombre()]
display-name: setNombre()
]]></system-out>
</testcase>
<testcase name="getNombre()" classname="AfiliadoTest" time="0.003">
<system-out><![CDATA[
unique-id: [engine:junit-jupiter]/[class:AfiliadoTest]/[method:getNombre()]
display-name: getNombre()
]]></system-out>
</testcase>
<testcase name="setTel()" classname="AfiliadoTest" time="0.001">
<system-out><![CDATA[
unique-id: [engine:junit-jupiter]/[class:AfiliadoTest]/[method:setTel()]
display-name: setTel()
]]></system-out>
</testcase>
<testcase name="getApellido()" classname="AfiliadoTest" time="0.001">
<system-out><![CDATA[
unique-id: [engine:junit-jupiter]/[class:AfiliadoTest]/[method:getApellido()]
display-name: getApellido()
]]></system-out>
</testcase>
<testcase name="setApellido()" classname="AfiliadoTest" time="0.005">
<system-out><![CDATA[
unique-id: [engine:junit-jupiter]/[class:AfiliadoTest]/[method:setApellido()]
display-name: setApellido()
]]></system-out>
</testcase>
<testcase name="getAfiliado()" classname="RegistroAfiliadosTest" time="0.007">
<system-out><![CDATA[
unique-id: [engine:junit-jupiter]/[class:RegistroAfiliadosTest]/[method:getAfiliado()]
display-name: getAfiliado()
]]></system-out>
</testcase>
<testcase name="addAfiliado()" classname="RegistroAfiliadosTest" time="0.007">
<system-out><![CDATA[
unique-id: [engine:junit-jupiter]/[class:RegistroAfiliadosTest]/[method:addAfiliado()]
display-name: addAfiliado()
]]></system-out>
</testcase>
<system-out><![CDATA[
unique-id: [engine:junit-jupiter]
display-name: JUnit Jupiter
]]></system-out>
</testsuite>
